<?xml version="1.0" encoding="utf-8"?><testsuites><testsuite name="pytest" errors="0" failures="0" skipped="0" tests="37" time="1.378" timestamp="2021-10-22T20:49:07.681942" hostname="d67841e374a7"><testcase classname="module_utils.test_netapp" name="test_empty_get" file="module_utils/test_netapp.py" line="99" time="0.007" /><testcase classname="module_utils.test_netapp" name="test_get_next" file="module_utils/test_netapp.py" line="113" time="0.007" /><testcase classname="module_utils.test_netapp" name="test_negative_get_next_no_href" file="module_utils/test_netapp.py" line="142" time="0.011" /><testcase classname="module_utils.test_netapp" name="test_negative_get_next_no__links" file="module_utils/test_netapp.py" line="128" time="0.008" /><testcase classname="module_utils.test_netapp" name="test_has_feature_success_default_1" file="module_utils/test_netapp.py" line="164" time="0.007" /><testcase classname="module_utils.test_netapp" name="test_has_feature_success_default_0" file="module_utils/test_netapp.py" line="156" time="0.006" /><testcase classname="module_utils.test_netapp" name="test_has_feature_success_user_false" file="module_utils/test_netapp.py" line="181" time="0.007" /><testcase classname="module_utils.test_netapp" name="test_has_feature_success_user_true" file="module_utils/test_netapp.py" line="172" time="0.007" /><testcase classname="module_utils.test_netapp" name="test_empty_get_sent" file="module_utils/test_netapp.py" line="203" time="0.008" /><testcase classname="module_utils.test_netapp" name="test_has_feature_invalid_key" file="module_utils/test_netapp.py" line="191" time="0.007" /><testcase classname="module_utils.test_netapp" name="test_empty_get_sent_bad_json" file="module_utils/test_netapp.py" line="214" time="0.009" /><testcase classname="modules.test_na_um_list_aggregates.TestMyModule" name="test_get_next" file="modules/test_na_um_list_aggregates.py" line="130" time="0.008" /><testcase classname="module_utils.test_netapp" name="test_empty_get_sent_bad_but_empty_json" file="module_utils/test_netapp.py" line="226" time="0.007" /><testcase classname="modules.test_na_um_list_aggregates.TestMyModule" name="test_module_fail_when_required_args_missing" file="modules/test_na_um_list_aggregates.py" line="103" time="0.006" /><testcase classname="modules.test_na_um_list_aggregates.TestMyModule" name="test_ensure_get_called_existing" file="modules/test_na_um_list_aggregates.py" line="122" time="0.011" /><testcase classname="modules.test_na_um_list_aggregates.TestMyModule" name="test_negative_get_next" file="modules/test_na_um_list_aggregates.py" line="142" time="0.008" /><testcase classname="modules.test_na_um_list_aggregates.TestMyModule" name="test_ensure_list_aggregates_get_called" file="modules/test_na_um_list_aggregates.py" line="110" time="0.008" /><testcase classname="modules.test_na_um_list_clusters.TestMyModule" name="test_ensure_get_called_existing" file="modules/test_na_um_list_clusters.py" line="122" time="0.008" /><testcase classname="modules.test_na_um_list_clusters.TestMyModule" name="test_ensure_list_cluster_get_called" file="modules/test_na_um_list_clusters.py" line="110" time="0.009" /><testcase classname="modules.test_na_um_list_clusters.TestMyModule" name="test_negative_get_next" file="modules/test_na_um_list_clusters.py" line="142" time="0.009" /><testcase classname="modules.test_na_um_list_clusters.TestMyModule" name="test_get_next" file="modules/test_na_um_list_clusters.py" line="130" time="0.008" /><testcase classname="modules.test_na_um_list_nodes.TestMyModule" name="test_ensure_get_called_existing" file="modules/test_na_um_list_nodes.py" line="121" time="0.008" /><testcase classname="modules.test_na_um_list_clusters.TestMyModule" name="test_module_fail_when_required_args_missing" file="modules/test_na_um_list_clusters.py" line="103" time="0.006" /><testcase classname="modules.test_na_um_list_nodes.TestMyModule" name="test_ensure_list_nodes_get_called" file="modules/test_na_um_list_nodes.py" line="110" time="0.010" /><testcase classname="modules.test_na_um_list_nodes.TestMyModule" name="test_get_next" file="modules/test_na_um_list_nodes.py" line="129" time="0.008" /><testcase classname="modules.test_na_um_list_nodes.TestMyModule" name="test_negative_get_next" file="modules/test_na_um_list_nodes.py" line="141" time="0.009" /><testcase classname="modules.test_na_um_list_nodes.TestMyModule" name="test_module_fail_when_required_args_missing" file="modules/test_na_um_list_nodes.py" line="103" time="0.006" /><testcase classname="modules.test_na_um_list_svms.TestMyModule" name="test_ensure_get_called_existing" file="modules/test_na_um_list_svms.py" line="121" time="0.009" /><testcase classname="modules.test_na_um_list_svms.TestMyModule" name="test_ensure_list_svms_get_called" file="modules/test_na_um_list_svms.py" line="110" time="0.009" /><testcase classname="modules.test_na_um_list_svms.TestMyModule" name="test_get_next" file="modules/test_na_um_list_svms.py" line="129" time="0.009" /><testcase classname="modules.test_na_um_list_svms.TestMyModule" name="test_module_fail_when_required_args_missing" file="modules/test_na_um_list_svms.py" line="103" time="0.006" /><testcase classname="modules.test_na_um_list_svms.TestMyModule" name="test_negative_get_next" file="modules/test_na_um_list_svms.py" line="141" time="0.009" /><testcase classname="modules.test_na_um_list_volumes.TestMyModule" name="test_ensure_get_called_existing" file="modules/test_na_um_list_volumes.py" line="121" time="0.008" /><testcase classname="modules.test_na_um_list_volumes.TestMyModule" name="test_get_next" file="modules/test_na_um_list_volumes.py" line="129" time="0.008" /><testcase classname="modules.test_na_um_list_volumes.TestMyModule" name="test_ensure_list_volumes_get_called" file="modules/test_na_um_list_volumes.py" line="110" time="0.009" /><testcase classname="modules.test_na_um_list_volumes.TestMyModule" name="test_module_fail_when_required_args_missing" file="modules/test_na_um_list_volumes.py" line="103" time="0.006" /><testcase classname="modules.test_na_um_list_volumes.TestMyModule" name="test_negative_get_next" file="modules/test_na_um_list_volumes.py" line="141" time="0.011" /></testsuite></testsuites>