<?xml version="1.0" encoding="utf-8"?><testsuite errors="0" failures="0" name="pytest" skips="25" tests="37" time="1.388"><testcase classname="module_utils.test_netapp" file="module_utils/test_netapp.py" line="99" name="test_empty_get" time="0.00662589073181"></testcase><testcase classname="module_utils.test_netapp" file="module_utils/test_netapp.py" line="113" name="test_get_next" time="0.00612831115723"><system-out>empty_get: {&apos;records&apos;: [&apos;data1&apos;, &apos;data2&apos;], &apos;_links&apos;: {&apos;self&apos;: &apos;me&apos;}}
</system-out></testcase><testcase classname="module_utils.test_netapp" file="module_utils/test_netapp.py" line="142" name="test_negative_get_next_no_href" time="0.00519108772278"><system-out>error: Expecting href key in {}
</system-out></testcase><testcase classname="module_utils.test_netapp" file="module_utils/test_netapp.py" line="128" name="test_negative_get_next_no__links" time="0.006920337677"><system-out>error: Expecting _links key in {}
</system-out></testcase><testcase classname="module_utils.test_netapp" file="module_utils/test_netapp.py" line="164" name="test_has_feature_success_default_1" time="0.00393486022949"></testcase><testcase classname="module_utils.test_netapp" file="module_utils/test_netapp.py" line="156" name="test_has_feature_success_default_0" time="0.0110802650452"></testcase><testcase classname="module_utils.test_netapp" file="module_utils/test_netapp.py" line="181" name="test_has_feature_success_user_false" time="0.00539207458496"><system-out>{&apos;username&apos;: &apos;test_user&apos;, &apos;feature_flags&apos;: {&apos;user_deprecation_warning&apos;: False}, &apos;password&apos;: &apos;test_pass!&apos;, &apos;hostname&apos;: &apos;test&apos;}
</system-out></testcase><testcase classname="module_utils.test_netapp" file="module_utils/test_netapp.py" line="172" name="test_has_feature_success_user_true" time="0.00428485870361"></testcase><testcase classname="module_utils.test_netapp" file="module_utils/test_netapp.py" line="203" name="test_empty_get_sent" time="0.00847196578979"></testcase><testcase classname="module_utils.test_netapp" file="module_utils/test_netapp.py" line="191" name="test_has_feature_invalid_key" time="0.00576591491699"></testcase><testcase classname="modules.test_na_um_list_aggregates.TestMyModule" file="modules/test_na_um_list_aggregates.py" line="122" name="test_ensure_get_called_existing" time="0.00147294998169"><skipped message="Skipping Unit Tests on 2.6 as unittest2 may not be available" type="pytest.skip">modules/test_na_um_list_aggregates.py:122: &lt;py._xmlgen.raw object at 0x55f07e71fe90&gt;</skipped></testcase><testcase classname="module_utils.test_netapp" file="module_utils/test_netapp.py" line="214" name="test_empty_get_sent_bad_json" time="0.00851988792419"><system-out>errors: [&apos;Other error: Expecting json, got: anything&apos;]
debug: [(&apos;sending&apos;, &quot;{&apos;headers&apos;: None, &apos;json&apos;: None, &apos;params&apos;: None, &apos;timeout&apos;: 60, &apos;url&apos;: &apos;https://test/api/api&apos;, &apos;verify&apos;: True, &apos;method&apos;: &apos;GET&apos;}&quot;), (200, &apos;Other error: Expecting json, got: anything&apos;), (200, &apos;anything&apos;)]
</system-out><system-err>No handlers could be found for logger &quot;ansible_collections.netapp.um_info.plugins.module_utils.netapp&quot;
</system-err></testcase><testcase classname="modules.test_na_um_list_aggregates.TestMyModule" file="modules/test_na_um_list_aggregates.py" line="130" name="test_get_next" time="0.00145196914673"><skipped message="Skipping Unit Tests on 2.6 as unittest2 may not be available" type="pytest.skip">modules/test_na_um_list_aggregates.py:130: &lt;py._xmlgen.raw object at 0x55f07e72a410&gt;</skipped></testcase><testcase classname="modules.test_na_um_list_aggregates.TestMyModule" file="modules/test_na_um_list_aggregates.py" line="142" name="test_negative_get_next" time="0.0015971660614"><skipped message="Skipping Unit Tests on 2.6 as unittest2 may not be available" type="pytest.skip">modules/test_na_um_list_aggregates.py:142: &lt;py._xmlgen.raw object at 0x55f07e72a810&gt;</skipped></testcase><testcase classname="module_utils.test_netapp" file="module_utils/test_netapp.py" line="226" name="test_empty_get_sent_bad_but_empty_json" time="0.0077691078186"><system-out>errors: []
debug: [(&apos;sending&apos;, &quot;{&apos;headers&apos;: None, &apos;json&apos;: None, &apos;params&apos;: None, &apos;timeout&apos;: 60, &apos;url&apos;: &apos;https://test/api/api&apos;, &apos;verify&apos;: True, &apos;method&apos;: &apos;GET&apos;}&quot;), (200, &apos;&apos;)]
</system-out></testcase><testcase classname="modules.test_na_um_list_aggregates.TestMyModule" file="modules/test_na_um_list_aggregates.py" line="103" name="test_module_fail_when_required_args_missing" time="0.00147390365601"><skipped message="Skipping Unit Tests on 2.6 as unittest2 may not be available" type="pytest.skip">modules/test_na_um_list_aggregates.py:103: &lt;py._xmlgen.raw object at 0x55f07e71f150&gt;</skipped></testcase><testcase classname="modules.test_na_um_list_clusters.TestMyModule" file="modules/test_na_um_list_clusters.py" line="103" name="test_module_fail_when_required_args_missing" time="0.00147891044617"><skipped message="Skipping Unit Tests on 2.6 as unittest2 may not be available" type="pytest.skip">modules/test_na_um_list_clusters.py:103: &lt;py._xmlgen.raw object at 0x55f07e9b4d10&gt;</skipped></testcase><testcase classname="modules.test_na_um_list_aggregates.TestMyModule" file="modules/test_na_um_list_aggregates.py" line="110" name="test_ensure_list_aggregates_get_called" time="0.00151205062866"><skipped message="Skipping Unit Tests on 2.6 as unittest2 may not be available" type="pytest.skip">modules/test_na_um_list_aggregates.py:110: &lt;py._xmlgen.raw object at 0x55f07e72a410&gt;</skipped></testcase><testcase classname="modules.test_na_um_list_clusters.TestMyModule" file="modules/test_na_um_list_clusters.py" line="110" name="test_ensure_list_cluster_get_called" time="0.00149893760681"><skipped message="Skipping Unit Tests on 2.6 as unittest2 may not be available" type="pytest.skip">modules/test_na_um_list_clusters.py:110: &lt;py._xmlgen.raw object at 0x55f07e72a1d0&gt;</skipped></testcase><testcase classname="modules.test_na_um_list_clusters.TestMyModule" file="modules/test_na_um_list_clusters.py" line="122" name="test_ensure_get_called_existing" time="0.00128889083862"><skipped message="Skipping Unit Tests on 2.6 as unittest2 may not be available" type="pytest.skip">modules/test_na_um_list_clusters.py:122: &lt;py._xmlgen.raw object at 0x55f07e72ac50&gt;</skipped></testcase><testcase classname="modules.test_na_um_list_clusters.TestMyModule" file="modules/test_na_um_list_clusters.py" line="142" name="test_negative_get_next" time="0.00141787528992"><skipped message="Skipping Unit Tests on 2.6 as unittest2 may not be available" type="pytest.skip">modules/test_na_um_list_clusters.py:142: &lt;py._xmlgen.raw object at 0x55f07e72ad90&gt;</skipped></testcase><testcase classname="modules.test_na_um_list_nodes.TestMyModule" file="modules/test_na_um_list_nodes.py" line="103" name="test_module_fail_when_required_args_missing" time="0.001797914505"><skipped message="Skipping Unit Tests on 2.6 as unittest2 may not be available" type="pytest.skip">modules/test_na_um_list_nodes.py:103: &lt;py._xmlgen.raw object at 0x55f07e732090&gt;</skipped></testcase><testcase classname="modules.test_na_um_list_clusters.TestMyModule" file="modules/test_na_um_list_clusters.py" line="130" name="test_get_next" time="0.00150513648987"><skipped message="Skipping Unit Tests on 2.6 as unittest2 may not be available" type="pytest.skip">modules/test_na_um_list_clusters.py:130: &lt;py._xmlgen.raw object at 0x55f07e7322d0&gt;</skipped></testcase><testcase classname="modules.test_na_um_list_nodes.TestMyModule" file="modules/test_na_um_list_nodes.py" line="121" name="test_ensure_get_called_existing" time="0.00147008895874"><skipped message="Skipping Unit Tests on 2.6 as unittest2 may not be available" type="pytest.skip">modules/test_na_um_list_nodes.py:121: &lt;py._xmlgen.raw object at 0x55f07e732510&gt;</skipped></testcase><testcase classname="modules.test_na_um_list_nodes.TestMyModule" file="modules/test_na_um_list_nodes.py" line="110" name="test_ensure_list_nodes_get_called" time="0.00329208374023"><skipped message="Skipping Unit Tests on 2.6 as unittest2 may not be available" type="pytest.skip">modules/test_na_um_list_nodes.py:110: &lt;py._xmlgen.raw object at 0x55f07e732750&gt;</skipped></testcase><testcase classname="modules.test_na_um_list_nodes.TestMyModule" file="modules/test_na_um_list_nodes.py" line="129" name="test_get_next" time="0.00159692764282"><skipped message="Skipping Unit Tests on 2.6 as unittest2 may not be available" type="pytest.skip">modules/test_na_um_list_nodes.py:129: &lt;py._xmlgen.raw object at 0x55f07e732a90&gt;</skipped></testcase><testcase classname="modules.test_na_um_list_nodes.TestMyModule" file="modules/test_na_um_list_nodes.py" line="141" name="test_negative_get_next" time="0.00137686729431"><skipped message="Skipping Unit Tests on 2.6 as unittest2 may not be available" type="pytest.skip">modules/test_na_um_list_nodes.py:141: &lt;py._xmlgen.raw object at 0x55f07e732bd0&gt;</skipped></testcase><testcase classname="modules.test_na_um_list_svms.TestMyModule" file="modules/test_na_um_list_svms.py" line="110" name="test_ensure_list_svms_get_called" time="0.00160479545593"><skipped message="Skipping Unit Tests on 2.6 as unittest2 may not be available" type="pytest.skip">modules/test_na_um_list_svms.py:110: &lt;py._xmlgen.raw object at 0x55f07e732f10&gt;</skipped></testcase><testcase classname="modules.test_na_um_list_svms.TestMyModule" file="modules/test_na_um_list_svms.py" line="103" name="test_module_fail_when_required_args_missing" time="0.00152993202209"><skipped message="Skipping Unit Tests on 2.6 as unittest2 may not be available" type="pytest.skip">modules/test_na_um_list_svms.py:103: &lt;py._xmlgen.raw object at 0x55f07e73d050&gt;</skipped></testcase><testcase classname="modules.test_na_um_list_svms.TestMyModule" file="modules/test_na_um_list_svms.py" line="129" name="test_get_next" time="0.00135397911072"><skipped message="Skipping Unit Tests on 2.6 as unittest2 may not be available" type="pytest.skip">modules/test_na_um_list_svms.py:129: &lt;py._xmlgen.raw object at 0x55f07e732f10&gt;</skipped></testcase><testcase classname="modules.test_na_um_list_svms.TestMyModule" file="modules/test_na_um_list_svms.py" line="121" name="test_ensure_get_called_existing" time="0.00157403945923"><skipped message="Skipping Unit Tests on 2.6 as unittest2 may not be available" type="pytest.skip">modules/test_na_um_list_svms.py:121: &lt;py._xmlgen.raw object at 0x55f07e732c90&gt;</skipped></testcase><testcase classname="modules.test_na_um_list_svms.TestMyModule" file="modules/test_na_um_list_svms.py" line="141" name="test_negative_get_next" time="0.00311589241028"><skipped message="Skipping Unit Tests on 2.6 as unittest2 may not be available" type="pytest.skip">modules/test_na_um_list_svms.py:141: &lt;py._xmlgen.raw object at 0x55f07e732550&gt;</skipped></testcase><testcase classname="modules.test_na_um_list_volumes.TestMyModule" file="modules/test_na_um_list_volumes.py" line="103" name="test_module_fail_when_required_args_missing" time="0.00320601463318"><skipped message="Skipping Unit Tests on 2.6 as unittest2 may not be available" type="pytest.skip">modules/test_na_um_list_volumes.py:103: &lt;py._xmlgen.raw object at 0x55f07e732050&gt;</skipped></testcase><testcase classname="modules.test_na_um_list_volumes.TestMyModule" file="modules/test_na_um_list_volumes.py" line="110" name="test_ensure_list_volumes_get_called" time="0.00381374359131"><skipped message="Skipping Unit Tests on 2.6 as unittest2 may not be available" type="pytest.skip">modules/test_na_um_list_volumes.py:110: &lt;py._xmlgen.raw object at 0x55f07e72acd0&gt;</skipped></testcase><testcase classname="modules.test_na_um_list_volumes.TestMyModule" file="modules/test_na_um_list_volumes.py" line="121" name="test_ensure_get_called_existing" time="0.0035138130188"><skipped message="Skipping Unit Tests on 2.6 as unittest2 may not be available" type="pytest.skip">modules/test_na_um_list_volumes.py:121: &lt;py._xmlgen.raw object at 0x55f07e72a1d0&gt;</skipped></testcase><testcase classname="modules.test_na_um_list_volumes.TestMyModule" file="modules/test_na_um_list_volumes.py" line="129" name="test_get_next" time="0.0032479763031"><skipped message="Skipping Unit Tests on 2.6 as unittest2 may not be available" type="pytest.skip">modules/test_na_um_list_volumes.py:129: &lt;py._xmlgen.raw object at 0x55f07e9b4d90&gt;</skipped></testcase><testcase classname="modules.test_na_um_list_volumes.TestMyModule" file="modules/test_na_um_list_volumes.py" line="141" name="test_negative_get_next" time="0.00661611557007"><skipped message="Skipping Unit Tests on 2.6 as unittest2 may not be available" type="pytest.skip">modules/test_na_um_list_volumes.py:141: &lt;py._xmlgen.raw object at 0x55f07e71ff90&gt;</skipped></testcase></testsuite>