<?xml version="1.0" encoding="utf-8"?><testsuites><testsuite errors="0" failures="0" hostname="d67841e374a7" name="pytest" skipped="0" tests="37" time="1.393" timestamp="2021-10-22T20:49:05.663917"><testcase classname="module_utils.test_netapp" file="module_utils/test_netapp.py" line="99" name="test_empty_get" time="0.006" /><testcase classname="module_utils.test_netapp" file="module_utils/test_netapp.py" line="113" name="test_get_next" time="0.007" /><testcase classname="module_utils.test_netapp" file="module_utils/test_netapp.py" line="128" name="test_negative_get_next_no__links" time="0.018" /><testcase classname="module_utils.test_netapp" file="module_utils/test_netapp.py" line="142" name="test_negative_get_next_no_href" time="0.016" /><testcase classname="module_utils.test_netapp" file="module_utils/test_netapp.py" line="156" name="test_has_feature_success_default_0" time="0.011" /><testcase classname="module_utils.test_netapp" file="module_utils/test_netapp.py" line="164" name="test_has_feature_success_default_1" time="0.010" /><testcase classname="module_utils.test_netapp" file="module_utils/test_netapp.py" line="172" name="test_has_feature_success_user_true" time="0.010" /><testcase classname="module_utils.test_netapp" file="module_utils/test_netapp.py" line="181" name="test_has_feature_success_user_false" time="0.012" /><testcase classname="module_utils.test_netapp" file="module_utils/test_netapp.py" line="191" name="test_has_feature_invalid_key" time="0.010" /><testcase classname="module_utils.test_netapp" file="module_utils/test_netapp.py" line="203" name="test_empty_get_sent" time="0.011" /><testcase classname="modules.test_na_um_list_aggregates.TestMyModule" file="modules/test_na_um_list_aggregates.py" line="130" name="test_get_next" time="0.012" /><testcase classname="module_utils.test_netapp" file="module_utils/test_netapp.py" line="214" name="test_empty_get_sent_bad_json" time="0.012" /><testcase classname="modules.test_na_um_list_aggregates.TestMyModule" file="modules/test_na_um_list_aggregates.py" line="103" name="test_module_fail_when_required_args_missing" time="0.006" /><testcase classname="module_utils.test_netapp" file="module_utils/test_netapp.py" line="226" name="test_empty_get_sent_bad_but_empty_json" time="0.011" /><testcase classname="modules.test_na_um_list_aggregates.TestMyModule" file="modules/test_na_um_list_aggregates.py" line="142" name="test_negative_get_next" time="0.008" /><testcase classname="modules.test_na_um_list_aggregates.TestMyModule" file="modules/test_na_um_list_aggregates.py" line="122" name="test_ensure_get_called_existing" time="0.007" /><testcase classname="modules.test_na_um_list_clusters.TestMyModule" file="modules/test_na_um_list_clusters.py" line="122" name="test_ensure_get_called_existing" time="0.007" /><testcase classname="modules.test_na_um_list_aggregates.TestMyModule" file="modules/test_na_um_list_aggregates.py" line="110" name="test_ensure_list_aggregates_get_called" time="0.007" /><testcase classname="modules.test_na_um_list_clusters.TestMyModule" file="modules/test_na_um_list_clusters.py" line="110" name="test_ensure_list_cluster_get_called" time="0.008" /><testcase classname="modules.test_na_um_list_clusters.TestMyModule" file="modules/test_na_um_list_clusters.py" line="142" name="test_negative_get_next" time="0.008" /><testcase classname="modules.test_na_um_list_clusters.TestMyModule" file="modules/test_na_um_list_clusters.py" line="130" name="test_get_next" time="0.007" /><testcase classname="modules.test_na_um_list_clusters.TestMyModule" file="modules/test_na_um_list_clusters.py" line="103" name="test_module_fail_when_required_args_missing" time="0.006" /><testcase classname="modules.test_na_um_list_nodes.TestMyModule" file="modules/test_na_um_list_nodes.py" line="121" name="test_ensure_get_called_existing" time="0.008" /><testcase classname="modules.test_na_um_list_nodes.TestMyModule" file="modules/test_na_um_list_nodes.py" line="129" name="test_get_next" time="0.007" /><testcase classname="modules.test_na_um_list_nodes.TestMyModule" file="modules/test_na_um_list_nodes.py" line="110" name="test_ensure_list_nodes_get_called" time="0.014" /><testcase classname="modules.test_na_um_list_nodes.TestMyModule" file="modules/test_na_um_list_nodes.py" line="103" name="test_module_fail_when_required_args_missing" time="0.007" /><testcase classname="modules.test_na_um_list_nodes.TestMyModule" file="modules/test_na_um_list_nodes.py" line="141" name="test_negative_get_next" time="0.008" /><testcase classname="modules.test_na_um_list_svms.TestMyModule" file="modules/test_na_um_list_svms.py" line="121" name="test_ensure_get_called_existing" time="0.008" /><testcase classname="modules.test_na_um_list_svms.TestMyModule" file="modules/test_na_um_list_svms.py" line="110" name="test_ensure_list_svms_get_called" time="0.008" /><testcase classname="modules.test_na_um_list_svms.TestMyModule" file="modules/test_na_um_list_svms.py" line="129" name="test_get_next" time="0.008" /><testcase classname="modules.test_na_um_list_svms.TestMyModule" file="modules/test_na_um_list_svms.py" line="103" name="test_module_fail_when_required_args_missing" time="0.008" /><testcase classname="modules.test_na_um_list_svms.TestMyModule" file="modules/test_na_um_list_svms.py" line="141" name="test_negative_get_next" time="0.009" /><testcase classname="modules.test_na_um_list_volumes.TestMyModule" file="modules/test_na_um_list_volumes.py" line="121" name="test_ensure_get_called_existing" time="0.009" /><testcase classname="modules.test_na_um_list_volumes.TestMyModule" file="modules/test_na_um_list_volumes.py" line="110" name="test_ensure_list_volumes_get_called" time="0.008" /><testcase classname="modules.test_na_um_list_volumes.TestMyModule" file="modules/test_na_um_list_volumes.py" line="129" name="test_get_next" time="0.007" /><testcase classname="modules.test_na_um_list_volumes.TestMyModule" file="modules/test_na_um_list_volumes.py" line="103" name="test_module_fail_when_required_args_missing" time="0.007" /><testcase classname="modules.test_na_um_list_volumes.TestMyModule" file="modules/test_na_um_list_volumes.py" line="141" name="test_negative_get_next" time="0.008" /></testsuite></testsuites>